<?xml version="1.0" encoding="UTF-8"?>
<!-- Generated by org.testng.reporters.JUnitReportReporter -->
<testsuite hostname="DESKTOP-C32PGNL" failures="0" tests="1" name="signUpTest" time="2.912" errors="0" timestamp="2022-09-14T15:52:48 BDT" skipped="0">
  <testcase classname="signUpTest" name="accountCreation" time="2.912"/>
  <system-out/>
</testsuite> <!-- signUpTest -->
