<?xml version="1.0" encoding="UTF-8"?>
<!-- Generated by org.testng.reporters.JUnitReportReporter -->
<testsuite hostname="DESKTOP-C32PGNL" failures="0" tests="1" name="BookRoundTripFlightTest" time="29.196" errors="0" timestamp="2022-09-14T15:55:14 BDT" skipped="0">
  <testcase classname="BookRoundTripFlightTest" name="flightBookingRoundTrip" time="29.196"/>
  <system-out/>
</testsuite> <!-- BookRoundTripFlightTest -->
