<?xml version="1.0" encoding="UTF-8"?>
<!-- Generated by org.testng.reporters.JUnitReportReporter -->
<testsuite hostname="DESKTOP-C32PGNL" failures="0" tests="2" name="LogInAndLogOutTest" time="3.075" errors="0" timestamp="2022-09-14T15:55:47 BDT" skipped="0">
  <testcase classname="LogInAndLogOutTest" name="logInTestRun" time="0.894"/>
  <system-out/>
  <testcase classname="LogInAndLogOutTest" name="logOutTestRun" time="2.181"/>
  <system-out/>
</testsuite> <!-- LogInAndLogOutTest -->
