<?xml version="1.0" encoding="UTF-8"?>
<!-- Generated by org.testng.reporters.JUnitReportReporter -->
<testsuite hostname="DESKTOP-C32PGNL" failures="0" tests="1" name="BookMultiCityFlightTest" time="21.517" errors="0" timestamp="2022-09-14T15:53:46 BDT" skipped="0">
  <testcase classname="BookMultiCityFlightTest" name="flightBookingMultiCity" time="21.517"/>
  <system-out/>
</testsuite> <!-- BookMultiCityFlightTest -->
