<?xml version="1.0" encoding="UTF-8"?>
<!-- Generated by org.testng.reporters.JUnitReportReporter -->
<testsuite hostname="DESKTOP-C32PGNL" failures="0" tests="1" name="BookOneWayFlightTest" time="26.637" errors="0" timestamp="2022-09-14T15:56:44 BDT" skipped="0">
  <testcase classname="BookOneWayFlightTest" name="flightBookingOneWay" time="26.637"/>
  <system-out/>
</testsuite> <!-- BookOneWayFlightTest -->
